<?xml version="1.0" encoding="UTF-8"?>
<testng-results ignored="0" total="1" passed="1" failed="0" skipped="0">
  <reporter-output>
  </reporter-output>
  <suite started-at="2024-01-14T01:00:41 IST" name="Default suite" finished-at="2024-01-14T01:00:44 IST" duration-ms="2620">
    <groups>
    </groups>
    <test started-at="2024-01-14T01:00:41 IST" name="Default test" finished-at="2024-01-14T01:00:44 IST" duration-ms="2620">
      <class name="APITesting.apiTesting.ParametersRestAssured">
        <test-method signature="Test_04()[pri:0, instance:APITesting.apiTesting.ParametersRestAssured@26e356f0]" started-at="2024-01-14T01:00:42 IST" name="Test_04" finished-at="2024-01-14T01:00:44 IST" duration-ms="2577" status="PASS">
          <reporter-output>
          </reporter-output>
        </test-method> <!-- Test_04 -->
      </class> <!-- APITesting.apiTesting.ParametersRestAssured -->
    </test> <!-- Default test -->
  </suite> <!-- Default suite -->
</testng-results>
